#
# There is insufficient memory for the Java Runtime Environment to continue.
# Native memory allocation (mmap) failed to map 123731968 bytes. Error detail: G1 virtual space
# Possible reasons:
#   The system is out of physical RAM or swap space
#   This process is running with CompressedOops enabled, and the Java Heap may be blocking the growth of the native heap
# Possible solutions:
#   Reduce memory load on the system
#   Increase physical memory or swap space
#   Check if swap backing store is full
#   Decrease Java heap size (-Xmx/-Xms)
#   Decrease number of Java threads
#   Decrease Java thread stack sizes (-Xss)
#   Set larger code cache with -XX:ReservedCodeCacheSize=
#   JVM is running with Unscaled Compressed Oops mode in which the Java heap is
#     placed in the first 4GB address space. The Java Heap base address is the
#     maximum limit for the native heap growth. Please use -XX:HeapBaseMinAddress
#     to set the Java Heap base and to place the Java Heap above 4GB virtual address.
# This output file may be truncated or incomplete.
#
#  Out of Memory Error (os_windows.cpp:3815), pid=29380, tid=35388
#
# JRE version:  (21.0.3+13) (build )
# Java VM: OpenJDK 64-Bit Server VM (21.0.3+13-b509.11, mixed mode, sharing, tiered, compressed oops, compressed class ptrs, g1 gc, windows-amd64)
# No core dump will be written. Minidumps are not enabled by default on client versions of Windows
#

---------------  S U M M A R Y ------------

Command Line: externalApp.nativessh.NativeSshAskPassApp Enter passphrase for key '/c/Users/sebas/.ssh/id_ed25519': 

Host: AMD Ryzen 5 5600H with Radeon Graphics         , 12 cores, 7G,  Windows 11 , 64 bit Build 26100 (10.0.26100.7309)
Time: Sun Dec 14 00:32:30 2025 Hora est. Pacífico, Sudamérica elapsed time: 2.043279 seconds (0d 0h 0m 2s)

---------------  T H R E A D  ---------------

Current thread (0x0000019c26bb0d20):  JavaThread "Unknown thread" [_thread_in_vm, id=35388, stack(0x00000070dbb00000,0x00000070dbc00000) (1024K)]

Stack: [0x00000070dbb00000,0x00000070dbc00000]
Native frames: (J=compiled Java code, j=interpreted, Vv=VM code, C=native code)
V  [jvm.dll+0x6e02f9]
V  [jvm.dll+0x8bd383]
V  [jvm.dll+0x8bf8de]
V  [jvm.dll+0x8bffc3]
V  [jvm.dll+0x2879c6]
V  [jvm.dll+0x6dcac5]
V  [jvm.dll+0x6d0f9a]
V  [jvm.dll+0x35f9bb]
V  [jvm.dll+0x367566]
V  [jvm.dll+0x3b8b56]
V  [jvm.dll+0x3b8e28]
V  [jvm.dll+0x33217c]
V  [jvm.dll+0x332e6b]
V  [jvm.dll+0x8845e9]
V  [jvm.dll+0x3c5f38]
V  [jvm.dll+0x86d80d]
V  [jvm.dll+0x45ab9e]
V  [jvm.dll+0x45c771]
C  [jli.dll+0x52ab]
C  [ucrtbase.dll+0x37b0]
C  [KERNEL32.DLL+0x2e8d7]
C  [ntdll.dll+0x8c53c]


---------------  P R O C E S S  ---------------

Threads class SMR info:
_java_thread_list=0x00007fff0b49d108, length=0, elements={
}

Java Threads: ( => current thread )
Total: 0

Other Threads:
  0x0000019c28f386c0 WorkerThread "GC Thread#0"                     [id=24720, stack(0x00000070dbc00000,0x00000070dbd00000) (1024K)]
  0x0000019c28f49020 ConcurrentGCThread "G1 Main Marker"            [id=37752, stack(0x00000070dbd00000,0x00000070dbe00000) (1024K)]
  0x0000019c28f49b20 WorkerThread "G1 Conc#0"                       [id=44316, stack(0x00000070dbe00000,0x00000070dbf00000) (1024K)]

[error occurred during error reporting (printing all threads), id 0xc0000005, EXCEPTION_ACCESS_VIOLATION (0xc0000005) at pc=0x00007fff0ab952d7]
VM state: not at safepoint (not fully initialized)

VM Mutex/Monitor currently owned by a thread:  ([mutex/lock_event])
[0x00007fff0b511858] Heap_lock - owner thread: 0x0000019c26bb0d20

Heap address: 0x000000008a800000, size: 1880 MB, Compressed Oops mode: 32-bit

CDS archive(s) mapped at: [0x0000000000000000-0x0000000000000000-0x0000000000000000), size 0, SharedBaseAddress: 0x0000000800000000, ArchiveRelocationMode: 1.
Narrow klass base: 0x0000000000000000, Narrow klass shift: 0, Narrow klass range: 0x0

GC Precious Log:
 CardTable entry size: 512
 Card Set container configuration: InlinePtr #cards 5 size 8 Array Of Cards #cards 12 size 40 Howl #buckets 4 coarsen threshold 1843 Howl Bitmap #cards 512 size 80 coarsen threshold 460 Card regions per heap region 1 cards per card region 2048

Heap:
 garbage-first heap   total 0K, used 0K [0x000000008a800000, 0x0000000100000000)
  region size 1024K, 0 young (0K), 0 survivors (0K)
 Metaspace       used 0K, committed 0K, reserved 0K
  class space    used 0K, committed 0K, reserved 0K

Heap Regions: E=young(eden), S=young(survivor), O=old, HS=humongous(starts), HC=humongous(continues), CS=collection set, F=free, TAMS=top-at-mark-start, PB=parsable bottom

Card table byte_map: [0x0000019c3c700000,0x0000019c3cab0000] _byte_map_base: 0x0000019c3c2ac000

Marking Bits: (CMBitMap*) 0x0000019c28f38dc0
 Bits: [0x0000019c3cab0000, 0x0000019c3e810000)

GC Heap History (0 events):
No events

Dll operation events (1 events):
Event: 0.014 Loaded shared library C:\Program Files\JetBrains\IntelliJ IDEA 2024.2.1\jbr\bin\java.dll

Deoptimization events (0 events):
No events

Classes loaded (0 events):
No events

Classes unloaded (0 events):
No events

Classes redefined (0 events):
No events

Internal exceptions (0 events):
No events

ZGC Phase Switch (0 events):
No events

VM Operations (0 events):
No events

Events (0 events):
No events


Dynamic libraries:
0x00007ff63f590000 - 0x00007ff63f59a000 	C:\Program Files\JetBrains\IntelliJ IDEA 2024.2.1\jbr\bin\java.exe
0x00007ff85c800000 - 0x00007ff85ca67000 	C:\WINDOWS\SYSTEM32\ntdll.dll
0x00007ff85a6d0000 - 0x00007ff85a799000 	C:\WINDOWS\System32\KERNEL32.DLL
0x00007ff859e40000 - 0x00007ff85a22f000 	C:\WINDOWS\System32\KERNELBASE.dll
0x00007ff859c40000 - 0x00007ff859d8b000 	C:\WINDOWS\System32\ucrtbase.dll
0x00007ff82de00000 - 0x00007ff82de18000 	C:\Program Files\JetBrains\IntelliJ IDEA 2024.2.1\jbr\bin\jli.dll
0x00007ff835390000 - 0x00007ff8353ab000 	C:\Program Files\JetBrains\IntelliJ IDEA 2024.2.1\jbr\bin\VCRUNTIME140.dll
0x00007ff85a7f0000 - 0x00007ff85a9b5000 	C:\WINDOWS\System32\USER32.dll
0x00007ff85a400000 - 0x00007ff85a427000 	C:\WINDOWS\System32\win32u.dll
0x00007ff85a5a0000 - 0x00007ff85a5cb000 	C:\WINDOWS\System32\GDI32.dll
0x00007ff832a30000 - 0x00007ff832cc3000 	C:\WINDOWS\WinSxS\amd64_microsoft.windows.common-controls_6595b64144ccf1df_6.0.26100.7309_none_3e05feeae336a044\COMCTL32.dll
0x00007ff85a2d0000 - 0x00007ff85a3fc000 	C:\WINDOWS\System32\gdi32full.dll
0x00007ff85b4d0000 - 0x00007ff85b579000 	C:\WINDOWS\System32\msvcrt.dll
0x00007ff859a10000 - 0x00007ff859ab3000 	C:\WINDOWS\System32\msvcp_win.dll
0x00007ff85a9c0000 - 0x00007ff85a9f1000 	C:\WINDOWS\System32\IMM32.DLL
0x00007ff84a8e0000 - 0x00007ff84a8ec000 	C:\Program Files\JetBrains\IntelliJ IDEA 2024.2.1\jbr\bin\vcruntime140_1.dll
0x00007fffe78a0000 - 0x00007fffe792d000 	C:\Program Files\JetBrains\IntelliJ IDEA 2024.2.1\jbr\bin\msvcp140.dll
0x00007fff0a850000 - 0x00007fff0b602000 	C:\Program Files\JetBrains\IntelliJ IDEA 2024.2.1\jbr\bin\server\jvm.dll
0x00007ff85c300000 - 0x00007ff85c3b4000 	C:\WINDOWS\System32\ADVAPI32.dll
0x00007ff85b420000 - 0x00007ff85b4c6000 	C:\WINDOWS\System32\sechost.dll
0x00007ff85b280000 - 0x00007ff85b398000 	C:\WINDOWS\System32\RPCRT4.dll
0x00007ff85ab70000 - 0x00007ff85abe4000 	C:\WINDOWS\System32\WS2_32.dll
0x00007ff8597d0000 - 0x00007ff85982e000 	C:\WINDOWS\SYSTEM32\POWRPROF.dll
0x00007ff850d50000 - 0x00007ff850d85000 	C:\WINDOWS\SYSTEM32\WINMM.dll
0x00007ff851a00000 - 0x00007ff851a0b000 	C:\WINDOWS\SYSTEM32\VERSION.dll
0x00007ff8597b0000 - 0x00007ff8597c4000 	C:\WINDOWS\SYSTEM32\UMPDC.dll
0x00007ff858700000 - 0x00007ff85871b000 	C:\WINDOWS\SYSTEM32\kernel.appcore.dll
0x00007ff84a8b0000 - 0x00007ff84a8ba000 	C:\Program Files\JetBrains\IntelliJ IDEA 2024.2.1\jbr\bin\jimage.dll
0x00007ff84dfd0000 - 0x00007ff84e212000 	C:\WINDOWS\SYSTEM32\DBGHELP.DLL
0x00007ff85c3c0000 - 0x00007ff85c745000 	C:\WINDOWS\System32\combase.dll
0x00007ff85b010000 - 0x00007ff85b0e6000 	C:\WINDOWS\System32\OLEAUT32.dll
0x00007ff84b6a0000 - 0x00007ff84b6dc000 	C:\WINDOWS\SYSTEM32\dbgcore.DLL
0x00007ff859d90000 - 0x00007ff859e35000 	C:\WINDOWS\System32\bcryptPrimitives.dll
0x00007ff824600000 - 0x00007ff82461f000 	C:\Program Files\JetBrains\IntelliJ IDEA 2024.2.1\jbr\bin\java.dll

dbghelp: loaded successfully - version: 4.0.5 - missing functions: none
symbol engine: initialized successfully - sym options: 0x614 - pdb path: .;C:\Program Files\JetBrains\IntelliJ IDEA 2024.2.1\jbr\bin;C:\WINDOWS\SYSTEM32;C:\WINDOWS\WinSxS\amd64_microsoft.windows.common-controls_6595b64144ccf1df_6.0.26100.7309_none_3e05feeae336a044;C:\Program Files\JetBrains\IntelliJ IDEA 2024.2.1\jbr\bin\server

VM Arguments:
java_command: externalApp.nativessh.NativeSshAskPassApp Enter passphrase for key '/c/Users/sebas/.ssh/id_ed25519': 
java_class_path (initial): C:/Program Files/JetBrains/IntelliJ IDEA 2024.2.1/lib/externalProcess-rt.jar
Launcher Type: SUN_STANDARD

[Global flags]
     intx CICompilerCount                          = 4                                         {product} {ergonomic}
     uint ConcGCThreads                            = 3                                         {product} {ergonomic}
     uint G1ConcRefinementThreads                  = 10                                        {product} {ergonomic}
   size_t G1HeapRegionSize                         = 1048576                                   {product} {ergonomic}
    uintx GCDrainStackTargetSize                   = 64                                        {product} {ergonomic}
   size_t InitialHeapSize                          = 123731968                                 {product} {ergonomic}
   size_t MarkStackSize                            = 4194304                                   {product} {ergonomic}
   size_t MaxHeapSize                              = 1971322880                                {product} {ergonomic}
   size_t MinHeapDeltaBytes                        = 1048576                                   {product} {ergonomic}
   size_t MinHeapSize                              = 8388608                                   {product} {ergonomic}
    uintx NonNMethodCodeHeapSize                   = 5839372                                {pd product} {ergonomic}
    uintx NonProfiledCodeHeapSize                  = 122909434                              {pd product} {ergonomic}
    uintx ProfiledCodeHeapSize                     = 122909434                              {pd product} {ergonomic}
    uintx ReservedCodeCacheSize                    = 251658240                              {pd product} {ergonomic}
     bool SegmentedCodeCache                       = true                                      {product} {ergonomic}
   size_t SoftMaxHeapSize                          = 1971322880                             {manageable} {ergonomic}
     bool UseCompressedOops                        = true                           {product lp64_product} {ergonomic}
     bool UseG1GC                                  = true                                      {product} {ergonomic}
     bool UseLargePagesIndividualAllocation        = false                                  {pd product} {ergonomic}

Logging:
Log output configuration:
 #0: stdout all=warning uptime,level,tags foldmultilines=false
 #1: stderr all=off uptime,level,tags foldmultilines=false

Environment Variables:
PATH=C:\Program Files\Git\mingw64\libexec\git-core;C:\Program Files\Git\mingw64\bin;C:\Program Files\Git\usr\bin;C:\Users\sebas\bin;C:\Program Files\Eclipse Adoptium\jdk-21.0.8.9-hotspot\bin;C:\Program Files\Common Files\Oracle\Java\javapath;C:\Program Files (x86)\Common Files\Oracle\Java\java8path;C:\Program Files (x86)\Common Files\Oracle\Java\javapath;C:\windows\system32;C:\windows;C:\windows\System32\Wbem;C:\windows\System32\WindowsPowerShell\v1.0;C:\windows\System32\OpenSSH;C:\Program Files (x86)\NVIDIA Corporation\PhysX\Common;C:\Program Files\NVIDIA Corporation\NVIDIA NvDLISR;C:\WINDOWS\system32;C:\WINDOWS;C:\WINDOWS\System32\Wbem;C:\WINDOWS\System32\WindowsPowerShell\v1.0;C:\WINDOWS\System32\OpenSSH;C:\Program Files\Git\cmd;C:\Program Files (x86)\Windows Kits\10\Windows Performance Toolkit;C:\msys64\ucrt64\bin;C:\MinGW\bin;C:\Program Files\Docker\Docker\resources\bin;C:\Program Files\cursor\resources\app\bin;C:\Program Files\nodejs;C:\Users\sebas\AppData\Local\Microsoft\WindowsApps;C:\Users\sebas\AppData\Local\Programs\Microsoft VS Code\bin;C:\MinGW\bin;C:\Users\sebas\AppData\Local\Programs\cursor\resources\app\bin;C:\Users\sebas\AppData\Roaming\npm
USERNAME=sebas
DISPLAY=:0.0
LC_ALL=en_US.UTF-8
TERM=xterm-256color
TMPDIR=C:\Users\sebas\AppData\Local\Temp
OS=Windows_NT
PROCESSOR_IDENTIFIER=AMD64 Family 25 Model 80 Stepping 0, AuthenticAMD
TMP=C:\Users\sebas\AppData\Local\Temp
TEMP=C:\Users\sebas\AppData\Local\Temp




Periodic native trim disabled

JNI global refs:
JNI global refs: 0, weak refs: 0

JNI global refs memory usage: 0, weak refs: 0

Process memory usage:
Resident Set Size: 12872K (0% of 7698540K total physical memory with 539072K free physical memory)

OOME stack traces (most recent first):
Classloader memory used:

---------------  S Y S T E M  ---------------

OS:
 Windows 11 , 64 bit Build 26100 (10.0.26100.7309)
OS uptime: 3 days 19:10 hours
Hyper-V role detected

CPU: total 12 (initial active 12) (12 cores per cpu, 2 threads per core) family 25 model 80 stepping 0 microcode 0xa50000f, cx8, cmov, fxsr, ht, mmx, 3dnowpref, sse, sse2, sse3, ssse3, sse4a, sse4.1, sse4.2, popcnt, lzcnt, tsc, tscinvbit, avx, avx2, aes, erms, clmul, bmi1, bmi2, adx, sha, fma, vzeroupper, clflush, clflushopt, hv, rdtscp, rdpid, fsrm, f16c, cet_ss
Processor Information for all 12 processors :
  Max Mhz: 3301, Current Mhz: 3301, Mhz Limit: 3301

Memory: 4k page, system-wide physical 7518M (526M free)
TotalPageFile size 31070M (AvailPageFile size 25M)
current process WorkingSet (physical memory assigned to process): 12M, peak: 12M
current process commit charge ("private bytes"): 64M, peak: 182M

vm_info: OpenJDK 64-Bit Server VM (21.0.3+13-b509.11) for windows-amd64 JRE (21.0.3+13-b509.11), built on 2024-08-12 by "builduser" with MS VC++ 16.10 / 16.11 (VS2019)

END.
